{
  "Cucumber Features": {
    "coverage": {
      "/Users/yingwang/606/iter2/FootballBingo/football_bingo/app/models/user.rb": [
        1,
        null,
        1,
        1,
        null,
        1,
        24,
        null,
        null,
        1,
        17,
        null,
        null,
        1,
        null,
        22,
        1,
        1,
        1,
        null,
        1,
        1,
        null
      ],
      "/Users/yingwang/606/iter2/FootballBingo/football_bingo/app/controllers/sessions_controller.rb": [
        1,
        1,
        null,
        null,
        1,
        9,
        9,
        9,
        9,
        null,
        0,
        0,
        null,
        null,
        null,
        1,
        0,
        0,
        null,
        null,
        null,
        null
      ],
      "/Users/yingwang/606/iter2/FootballBingo/football_bingo/app/controllers/application_controller.rb": [
        1,
        1,
        1,
        1,
        1,
        null,
        null
      ],
      "/Users/yingwang/606/iter2/FootballBingo/football_bingo/app/helpers/application_helper.rb": [
        1,
        null,
        1,
        31,
        31,
        1,
        null,
        30,
        null,
        null,
        null
      ],
      "/Users/yingwang/606/iter2/FootballBingo/football_bingo/app/helpers/cards_helper.rb": [
        1,
        null
      ],
      "/Users/yingwang/606/iter2/FootballBingo/football_bingo/app/helpers/chips_helper.rb": [
        1,
        null
      ],
      "/Users/yingwang/606/iter2/FootballBingo/football_bingo/app/helpers/conditions_helper.rb": [
        1,
        null
      ],
      "/Users/yingwang/606/iter2/FootballBingo/football_bingo/app/helpers/games_helper.rb": [
        1,
        null,
        1,
        null,
        0,
        null,
        null,
        null,
        null,
        null,
        null,
        null,
        null,
        null,
        null,
        null,
        null,
        null,
        null,
        null,
        null,
        null,
        null,
        null,
        null,
        null,
        null,
        null,
        null,
        null,
        null,
        null,
        0,
        0,
        0,
        0,
        0,
        0,
        null,
        0,
        0,
        null,
        null,
        null,
        0,
        null,
        null
      ],
      "/Users/yingwang/606/iter2/FootballBingo/football_bingo/app/helpers/sessions_helper.rb": [
        1,
        null,
        null,
        1,
        9,
        null,
        null,
        null,
        1,
        116,
        86,
        null,
        null,
        null,
        null,
        1,
        34,
        null,
        null,
        null,
        1,
        3,
        null,
        null,
        null,
        1,
        16,
        null,
        null,
        null,
        1,
        0,
        0,
        null,
        null,
        1,
        9,
        9,
        null,
        null,
        null,
        1,
        0,
        null,
        null,
        null
      ],
      "/Users/yingwang/606/iter2/FootballBingo/football_bingo/app/helpers/static_pages_helper.rb": [
        1,
        null
      ],
      "/Users/yingwang/606/iter2/FootballBingo/football_bingo/app/helpers/users_helper.rb": [
        1,
        null,
        1,
        10,
        0,
        0,
        0,
        0,
        0,
        0,
        0,
        null,
        0,
        0,
        null,
        null,
        null,
        null
      ],
      "/Users/yingwang/606/iter2/FootballBingo/football_bingo/app/controllers/users_controller.rb": [
        1,
        null,
        1,
        1,
        null,
        null,
        1,
        0,
        null,
        null,
        null,
        null,
        1,
        null,
        10,
        null,
        null,
        10,
        10,
        10,
        null,
        null,
        null,
        null,
        1,
        3,
        null,
        null,
        null,
        1,
        3,
        null,
        null,
        null,
        null,
        1,
        0,
        null,
        0,
        null,
        0,
        0,
        0,
        null,
        0,
        null,
        null,
        null,
        null,
        null,
        null,
        null,
        null,
        null,
        null,
        null,
        null,
        null,
        null,
        null,
        1,
        0,
        0,
        0,
        0,
        null,
        0,
        0,
        null,
        null,
        null,
        null,
        null,
        null,
        1,
        0,
        0,
        0,
        0,
        null,
        null,
        null,
        1,
        1,
        null,
        null,
        null,
        1,
        1,
        0,
        null,
        null,
        1,
        0,
        null,
        null,
        1,
        3,
        0,
        0,
        0,
        null,
        null,
        null,
        1,
        3,
        3,
        null,
        null
      ],
      "/Users/yingwang/606/iter2/FootballBingo/football_bingo/app/models/card.rb": [
        1,
        1,
        null,
        null,
        1,
        null,
        null,
        null,
        null,
        null,
        null,
        null
      ],
      "/Users/yingwang/606/iter2/FootballBingo/football_bingo/app/models/cards_chip.rb": [
        1,
        null,
        null,
        null
      ],
      "/Users/yingwang/606/iter2/FootballBingo/football_bingo/app/controllers/cards_controller.rb": [
        1,
        null,
        1,
        null,
        0,
        0,
        0,
        0,
        0,
        0,
        0,
        0,
        0,
        0,
        0,
        null,
        null,
        null,
        null,
        null
      ],
      "/Users/yingwang/606/iter2/FootballBingo/football_bingo/app/models/chip.rb": [
        1,
        1,
        null,
        null,
        1,
        null,
        1,
        0,
        0,
        0,
        0,
        0,
        0,
        null,
        null,
        0,
        null,
        null,
        1,
        null,
        null,
        null,
        1,
        null,
        0,
        null,
        null,
        null,
        null,
        null,
        0,
        0,
        0,
        0,
        0,
        0,
        null,
        0,
        0,
        null,
        null,
        null,
        0,
        null,
        null
      ],
      "/Users/yingwang/606/iter2/FootballBingo/football_bingo/app/controllers/chips_controller.rb": [
        1,
        null,
        null,
        null
      ],
      "/Users/yingwang/606/iter2/FootballBingo/football_bingo/app/models/condition.rb": [
        1,
        1,
        1,
        null
      ],
      "/Users/yingwang/606/iter2/FootballBingo/football_bingo/app/controllers/conditions_controller.rb": [
        1,
        null,
        null
      ],
      "/Users/yingwang/606/iter2/FootballBingo/football_bingo/app/models/game.rb": [
        1,
        1,
        1,
        1,
        null
      ],
      "/Users/yingwang/606/iter2/FootballBingo/football_bingo/app/controllers/games_controller.rb": [
        1,
        null,
        1,
        0,
        null,
        null,
        1,
        1,
        1,
        0,
        null,
        1,
        null,
        null,
        null,
        null,
        null
      ],
      "/Users/yingwang/606/iter2/FootballBingo/football_bingo/app/models/linescore.rb": [
        1,
        0,
        0,
        null
      ],
      "/Users/yingwang/606/iter2/FootballBingo/football_bingo/app/controllers/static_pages_controller.rb": [
        1,
        1,
        null,
        null,
        1,
        null,
        null
      ],
      "/Users/yingwang/606/iter2/FootballBingo/football_bingo/app/models/team.rb": [
        1,
        null
      ],
      "/Users/yingwang/606/iter2/FootballBingo/football_bingo/app/models/total.rb": [
        1,
        null
      ],
      "/Users/yingwang/606/iter2/FootballBingo/football_bingo/app/models/translation.rb": [
        1,
        1,
        1,
        null
      ],
      "/Users/yingwang/606/iter2/FootballBingo/football_bingo/app/models/venue.rb": [
        1,
        1,
        null
      ]
    },
    "timestamp": 1554866601
  },
  "RSpec": {
    "coverage": {
      "/Users/yingwang/606/iter2/FootballBingo/football_bingo/app/helpers/application_helper.rb": [
        1,
        null,
        1,
        0,
        0,
        0,
        null,
        0,
        null,
        null,
        null
      ],
      "/Users/yingwang/606/iter2/FootballBingo/football_bingo/app/helpers/cards_helper.rb": [
        1,
        null
      ],
      "/Users/yingwang/606/iter2/FootballBingo/football_bingo/app/helpers/chips_helper.rb": [
        1,
        null
      ],
      "/Users/yingwang/606/iter2/FootballBingo/football_bingo/app/helpers/conditions_helper.rb": [
        1,
        null
      ],
      "/Users/yingwang/606/iter2/FootballBingo/football_bingo/app/helpers/games_helper.rb": [
        1,
        null,
        1,
        null,
        0,
        null,
        null,
        null,
        null,
        null,
        null,
        null,
        null,
        null,
        null,
        null,
        null,
        null,
        null,
        null,
        null,
        null,
        null,
        null,
        null,
        null,
        null,
        null,
        null,
        null,
        null,
        null,
        0,
        0,
        0,
        0,
        0,
        0,
        null,
        0,
        0,
        null,
        null,
        null,
        0,
        null,
        null
      ],
      "/Users/yingwang/606/iter2/FootballBingo/football_bingo/app/helpers/sessions_helper.rb": [
        1,
        null,
        null,
        1,
        0,
        null,
        null,
        null,
        1,
        0,
        0,
        null,
        null,
        null,
        null,
        1,
        0,
        null,
        null,
        null,
        1,
        0,
        null,
        null,
        null,
        1,
        0,
        null,
        null,
        null,
        1,
        0,
        0,
        null,
        null,
        1,
        0,
        0,
        null,
        null,
        null,
        1,
        0,
        null,
        null,
        null
      ],
      "/Users/yingwang/606/iter2/FootballBingo/football_bingo/app/helpers/static_pages_helper.rb": [
        1,
        null
      ],
      "/Users/yingwang/606/iter2/FootballBingo/football_bingo/app/helpers/users_helper.rb": [
        1,
        null,
        1,
        0,
        0,
        0,
        0,
        0,
        0,
        0,
        0,
        null,
        0,
        0,
        null,
        null,
        null,
        null
      ],
      "/Users/yingwang/606/iter2/FootballBingo/football_bingo/app/controllers/cards_controller.rb": [
        1,
        null,
        1,
        null,
        0,
        0,
        0,
        0,
        0,
        0,
        0,
        0,
        0,
        0,
        0,
        null,
        null,
        null,
        null,
        null
      ],
      "/Users/yingwang/606/iter2/FootballBingo/football_bingo/app/controllers/application_controller.rb": [
        1,
        1,
        1,
        1,
        1,
        null,
        null
      ],
      "/Users/yingwang/606/iter2/FootballBingo/football_bingo/app/controllers/chips_controller.rb": [
        1,
        null,
        null,
        null
      ],
      "/Users/yingwang/606/iter2/FootballBingo/football_bingo/app/controllers/conditions_controller.rb": [
        1,
        null,
        null
      ],
      "/Users/yingwang/606/iter2/FootballBingo/football_bingo/app/controllers/sessions_controller.rb": [
        1,
        1,
        null,
        null,
        1,
        0,
        0,
        0,
        0,
        null,
        0,
        0,
        null,
        null,
        null,
        1,
        0,
        0,
        null,
        null,
        null,
        null
      ],
      "/Users/yingwang/606/iter2/FootballBingo/football_bingo/app/controllers/static_pages_controller.rb": [
        1,
        1,
        null,
        null,
        1,
        null,
        null
      ],
      "/Users/yingwang/606/iter2/FootballBingo/football_bingo/app/controllers/users_controller.rb": [
        1,
        null,
        1,
        1,
        null,
        null,
        1,
        0,
        null,
        null,
        null,
        null,
        1,
        null,
        0,
        null,
        null,
        0,
        0,
        0,
        null,
        null,
        null,
        null,
        1,
        0,
        null,
        null,
        null,
        1,
        0,
        null,
        null,
        null,
        null,
        1,
        0,
        null,
        0,
        null,
        0,
        0,
        0,
        null,
        0,
        null,
        null,
        null,
        null,
        null,
        null,
        null,
        null,
        null,
        null,
        null,
        null,
        null,
        null,
        null,
        1,
        0,
        0,
        0,
        0,
        null,
        0,
        0,
        null,
        null,
        null,
        null,
        null,
        null,
        1,
        0,
        0,
        0,
        0,
        null,
        null,
        null,
        1,
        0,
        null,
        null,
        null,
        1,
        1,
        0,
        null,
        null,
        1,
        0,
        null,
        null,
        1,
        0,
        0,
        0,
        0,
        null,
        null,
        null,
        1,
        0,
        0,
        null,
        null
      ],
      "/Users/yingwang/606/iter2/FootballBingo/football_bingo/app/models/condition.rb": [
        1,
        1,
        1,
        null
      ],
      "/Users/yingwang/606/iter2/FootballBingo/football_bingo/app/models/translation.rb": [
        1,
        1,
        1,
        null
      ],
      "/Users/yingwang/606/iter2/FootballBingo/football_bingo/app/models/user.rb": [
        1,
        null,
        1,
        1,
        null,
        1,
        13,
        null,
        null,
        1,
        0,
        null,
        null,
        1,
        null,
        8,
        1,
        1,
        1,
        null,
        1,
        1,
        null
      ],
      "/Users/yingwang/606/iter2/FootballBingo/football_bingo/app/models/venue.rb": [
        1,
        1,
        null
      ],
      "/Users/yingwang/606/iter2/FootballBingo/football_bingo/app/models/linescore.rb": [
        0,
        0,
        0,
        0
      ],
      "/Users/yingwang/606/iter2/FootballBingo/football_bingo/app/models/cards_chip.rb": [
        0,
        null,
        null,
        0
      ],
      "/Users/yingwang/606/iter2/FootballBingo/football_bingo/app/models/card.rb": [
        0,
        0,
        null,
        null,
        0,
        0,
        null,
        null,
        null,
        null,
        null,
        null
      ],
      "/Users/yingwang/606/iter2/FootballBingo/football_bingo/app/models/total.rb": [
        0,
        0
      ],
      "/Users/yingwang/606/iter2/FootballBingo/football_bingo/app/models/team.rb": [
        0,
        0
      ],
      "/Users/yingwang/606/iter2/FootballBingo/football_bingo/app/models/chip.rb": [
        0,
        0,
        null,
        null,
        0,
        null,
        0,
        0,
        0,
        0,
        0,
        0,
        0,
        0,
        null,
        0,
        0,
        null,
        0,
        null,
        0,
        null,
        0,
        null,
        0,
        null,
        null,
        null,
        null,
        null,
        0,
        0,
        0,
        0,
        0,
        0,
        null,
        0,
        0,
        0,
        0,
        0,
        0,
        0,
        0
      ],
      "/Users/yingwang/606/iter2/FootballBingo/football_bingo/app/models/game.rb": [
        0,
        0,
        0,
        0,
        0
      ],
      "/Users/yingwang/606/iter2/FootballBingo/football_bingo/app/controllers/games_controller.rb": [
        0,
        null,
        0,
        0,
        0,
        null,
        0,
        0,
        0,
        0,
        0,
        0,
        0,
        null,
        null,
        null,
        0
      ]
    },
    "timestamp": 1554866298
  }
}
